1
 
 
 
 
                                                             
                 Copyright 2018 Siemens Product Lifecycle    
                        Management Software Inc.             
                         All Rights Reserved.                
                                                             
               This software and related documentation are   
                 proprietary to Siemens Product Lifecycle    
                        Management Software Inc.             
                                                             
              Siemens and the Siemens logo are registered    
           trademarks of Siemens AG. Simcenter is a trademark
              or registered trademark of Siemens Product     
               Lifecycle Management Software Inc. or its     
             subsidiaries in the United States and in other  
             countries.  NASTRAN is a registered trademark   
                 of the National Aeronautics and Space       
                 Administration.  All other trademarks,      
              registered trademarks or service marks belong  
                      to their respective holders.           
                                                             
           LIMITATIONS TO U.S. GOVERNMENT RIGHTS. UNPUBLISHED
           - RIGHTS RESERVED UNDER THE COPYRIGHT LAWS OF THE 
            UNITED STATES. This computer software and related
               computer software documentation have been     
            developed exclusively at private expense and are 
           provided subject to the following rights:  If this
               computer software and computer  software      
            documentation qualify as "commercial items" (as  
             that term is defined in FAR 2.101), their use,  
            duplication or disclosure by the U.S. Government 
           is subject to the protections and restrictions as 
            set forth in the Siemens commercial license for  
            software and/or documentation, as prescribed in  
           FAR 12.212 and FAR 27.405(b)(2)(i) (for civilian  
             agencies) and in DFARS 227.7202-1(a) and DFARS  
           227.7202-3(a) (for the Department of Defense), or 
           any successor or similar regulation, as applicable
           or as amended from time to time.  If this computer
           software and computer documentation do not qualify
            as "commercial items", then they are "restricted 
           computer software" and are provided with "restric-
            tive rights", and their use, duplication or dis- 
            closure by the U.S. Government is subject to the 
            protections and restrictions as set forth in FAR 
           27.404(b) and FAR 52-227-14 (for civilian agencies
           ), and DFARS 227.7203-5(c) and DFARS 252.227-7014 
           (for the Department of Defense), or any successor 
           or similar regulation, as applicable or as amended
              from time to time.  Siemens PLM Software Inc.  
            5800 Granite Parkway, Suite 600, Plano, TX 75024 

                * * * * * * * * * * * * * * * * * * * *
                * * * * * * * * * * * * * * * * * * * *
                * *                                 * *
                * *                                 * *
                * *                                 * *
                * *                                 * *
                * *     Simcenter Nastran 2019.2    * *
                * *                                 * *
                * *       VERSION - 1884.0025       * *
                * *                                 * *
                * *          AUG  9, 2019           * *
                * *                                 * *
                * *                                 * *
                * *Intel64 Family 6 Model 165 Stepp * *
                * *                                 * *
                * *MODEL Intel(R) Core(TM) i7-10750 * *
                * *                                 * *
                * *           Windows 10            * *
                * *                                 * *
                * *       Compiled for X86-64       * *
                * *                                 * *
                * * * * * * * * * * * * * * * * * * * *
                * * * * * * * * * * * * * * * * * * * *
1 
  
                      Welcome to Simcenter Nastran
                      ----------------------------
  
  
 This "news" information can be turned off by setting "news=no" in the runtime
 configuration (RC) file.  The "news" keyword can be set in the system RC file
 for global, or multi-user control, and in a local file for local control.
 Individual jobs can be controlled by setting news to yes or no on the command
 line.
1                                                                             MARCH  19, 2023  SIMCENTER NASTRAN  8/ 9/19   PAGE     1
                                                                                                                                    
0        N A S T R A N    F I L E    A N D    S Y S T E M    P A R A M E T E R    E C H O                                           
0                                                                                                                                   
                                                                                                                                    
                                                                                                                                    
     NASTRAN BUFFSIZE=32769 $(C:/PROGRAM FILES/SIEMENS/NX1872/NXNASTRAN/CONF/NASTRAN.
     NASTRAN BUFFPOOL=5812                                                           
     NASTRAN DIAGA=128 DIAGB=0 $(C:/PROGRAM FILES/SIEMENS/NX1872/NXNASTRAN/CONF/NASTR
     NASTRAN SYSTEM(442)=2 $(COMMAND LINE[5])                                        
     NASTRAN REAL=2115239936 $(MEMORY LIMIT FOR MPI AND OTHER SPECIALIZED MODULES)   
     $*$$$$$$$$$$$$$$$$$$$$$$$$$$$$$$$$$$$$$$$$$$$$$$$$$$$$$$$$$$$$$$$$$             
     $*                                                                              
     $*                    SIMCENTER V1884.0.0.2302 TRANSLATOR                       
     $*                    FOR SIMCENTER NASTRAN VERSION 2019.2                      
     $*                                                                              
     $*             FEM FILE: C:\USERS\LUKE\ONEDRIVE\DESKTOP\SCHOOL\MECH410\PROJECT\M
     $*             SIM FILE: C:\USERS\LUKE\ONEDRIVE\DESKTOP\SCHOOL\MECH410\PROJECT\M
     $*        ANALYSIS TYPE: STRUCTURAL                                             
     $*        SOLUTION NAME: SOLUTION 1                                             
     $*        SOLUTION TYPE: LINEAR STATICS - SINGLE CONSTRAINT                     
     $*                                                                              
     $*    SOLVER INPUT FILE: J-HOOK-MAIN-KIMIYA_SIM1-SOLUTION_1.DAT                 
     $*        CREATION DATE: 19-MAR-2023                                            
     $*        CREATION TIME: 20:19:07                                               
     $*             HOSTNAME: LAPTOP-328PPGSV                                        
     $*      NASTRAN LICENSE: DESKTOP BUNDLE                                         
     $*                                                                              
     $*                UNITS: INCH (POUND F)                                         
     $*                      ... LENGTH : INCH                                       
     $*                      ... TIME   : SEC                                        
     $*                      ... MASS   : LBF-SEC**2/IN                              
     $*                      ... TEMPERATURE : DEG FAHRENHEIT                        
     $*                      ... FORCE  : POUND (LBF)                                
     $*                      ... THERMAL ENERGY : LBF-IN                             
     $*                                                                              
     $* IMPORTANT NOTE:                                                              
     $*     THIS BANNER WAS GENERATED BY SIMCENTER AND ALTERING THIS                 
     $*     INFORMATION MAY COMPROMISE THE PRE AND POST PROCESSING OF RESULTS        
     $*                                                                              
     $*$$$$$$$$$$$$$$$$$$$$$$$$$$$$$$$$$$$$$$$$$$$$$$$$$$$$$$$$$$$$$$$$$             
     $*                                                                              
     $*$$$$$$$$$$$$$$$$$$$$$$$$$$$$$$$$$$$                                           
     $*                                                                              
     $* FILE MANAGEMENT                                                              
     $*                                                                              
     $*$$$$$$$$$$$$$$$$$$$$$$$$$$$$$$$$$$$                                           
     $*                                                                              
     ASSIGN OUTPUT2='j-hook-main-kimiya_sim1-solution_1.op2' UNIT=12                 
     $*                                                                              
     $*$$$$$$$$$$$$$$$$$$$$$$$$$$$$$$$$$$$                                           
     $*                                                                              
     $* EXECUTIVE CONTROL                                                            
     $*                                                                              
     $*$$$$$$$$$$$$$$$$$$$$$$$$$$$$$$$$$$$                                           
     $*                                                                              
1                                                                             MARCH  19, 2023  SIMCENTER NASTRAN  8/ 9/19   PAGE     2
                                                                                                                                    
0        N A S T R A N    E X E C U T I V E    C O N T R O L    E C H O                                                             
0                                                                                                                                   
                                                                                                                                    
                                                                                                                                    
     ID,NASTRAN,J-HOOK-MAIN-KIMIYA_SIM1-SOLUTION_1                                           
     SOL 101                                                                                 
     CEND                                                                                    
1    SOLUTION 1                                                               MARCH  19, 2023  SIMCENTER NASTRAN  8/ 9/19   PAGE     3
                                                                                                                                    
0                                                                                                                                   
0                                        C A S E    C O N T R O L    E C H O                                                        
                 COMMAND                                                                                                            
                 COUNT                                                                                                              
                  1      $*                                                                                      
                  2      $*$$$$$$$$$$$$$$$$$$$$$$$$$$$$$$$$$$$                                                   
                  3      $*                                                                                      
                  4      $* CASE CONTROL                                                                         
                  5      $*                                                                                      
                  6      $*$$$$$$$$$$$$$$$$$$$$$$$$$$$$$$$$$$$                                                   
                  7      $*                                                                                      
                  8      TITLE = SOLUTION 1                                                                      
                  9      ECHO = NONE                                                                             
                 10      SPC = 100                                                                               
                 11      OUTPUT                                                                                  
                 12      BCRESULTS(TRACTION,FORCE,PLOT) = ALL                                                    
                 13      DISPLACEMENT(PLOT) = ALL                                                                
                 14      ESE(PLOT) = ALL                                                                         
                 15      FORCE(PLOT,CORNER) = ALL                                                                
                 16      OLOAD(PLOT) = ALL                                                                       
                 17      SPCFORCES(PLOT) = ALL                                                                   
                 18      STRAIN(PLOT,FIBER,CORNER) = ALL                                                         
                 19      STRESS(PLOT,CORNER) = ALL                                                               
                 20      $*  STEP: SUBCASE - STATIC LOADS 1                                                      
                 21      SUBCASE 1                                                                               
                 22        LABEL = SUBCASE - STATIC LOADS 1                                                      
                 23        LOAD = 3                                                                              
                 24      $*                                                                                      
                 25      $*$$$$$$$$$$$$$$$$$$$$$$$$$$$$$$$$$$$                                                   
                 26      $*                                                                                      
                 27      $* BULK DATA                                                                            
                 28      $*                                                                                      
                 29      $*$$$$$$$$$$$$$$$$$$$$$$$$$$$$$$$$$$$                                                   
                 30      $*                                                                                      
                 31      BEGIN BULK                                                                              
0                             INPUT BULK DATA ENTRY COUNT =       65913
0                       TOTAL COUNT=     65888


                                        M O D E L   S U M M A R Y

                                   NUMBER OF GRID     POINTS   =    19691
 
 
                                   NUMBER OF CTETRA   ELEMENTS =    11176
 
 *** USER INFORMATION MESSAGE 4109 (OUTPBN2)
     THE LABEL IS NX2019.2 FOR FORTRAN UNIT 12
     (MAXIMUM SIZE OF FORTRAN RECORDS WRITTEN =        7 WORDS.)
     (NUMBER OF FORTRAN RECORDS WRITTEN =        8 RECORDS.)
     (TOTAL DATA WRITTEN FOR TAPE LABEL =       17 WORDS.)
1    SOLUTION 1                                                               MARCH  19, 2023  SIMCENTER NASTRAN  8/ 9/19   PAGE     4
                                                                                                                                    
0                                                                                                                                   
0                                                                                                                                   
                                                                                                                                    
                                                                                                                                    
 *** USER INFORMATION MESSAGE 4114 (OUTPBN2)
     DATA BLOCK IBULK    WRITTEN ON FORTRAN UNIT  12, TRL =
                    101                 1                 0                 0                 0                 0                 0
     (MAXIMUM POSSIBLE FORTRAN RECORD SIZE =    65538 WORDS.)
     (MAXIMUM SIZE OF FORTRAN RECORDS WRITTEN =       20 WORDS.)
     (NUMBER OF FORTRAN RECORDS WRITTEN =   329574 RECORDS.)
     (TOTAL DATA WRITTEN FOR DATA BLOCK =  1581911 WORDS.)
 *** USER INFORMATION MESSAGE 4114 (OUTPBN2)
     DATA BLOCK ICASE    WRITTEN ON FORTRAN UNIT  12, TRL =
                    102                33                 0                 0                 0                 0                 0
     (MAXIMUM POSSIBLE FORTRAN RECORD SIZE =    65538 WORDS.)
     (MAXIMUM SIZE OF FORTRAN RECORDS WRITTEN =       20 WORDS.)
     (NUMBER OF FORTRAN RECORDS WRITTEN =      179 RECORDS.)
     (TOTAL DATA WRITTEN FOR DATA BLOCK =      818 WORDS.)
 *** USER INFORMATION MESSAGE 4114 (OUTPBN2)
     DATA BLOCK CASECC   WRITTEN ON FORTRAN UNIT  12, TRL =
                    103                 1                 0              1200                 0                 0                 0
     (MAXIMUM POSSIBLE FORTRAN RECORD SIZE =    65538 WORDS.)
     (MAXIMUM SIZE OF FORTRAN RECORDS WRITTEN =     1200 WORDS.)
     (NUMBER OF FORTRAN RECORDS WRITTEN =       19 RECORDS.)
     (TOTAL DATA WRITTEN FOR DATA BLOCK =     1226 WORDS.)
 *** USER INFORMATION MESSAGE 4114 (OUTPBN2)
     DATA BLOCK PVT0     WRITTEN ON FORTRAN UNIT  12, TRL =
                    101                28                 0                 0                 0                 0                 0
     (MAXIMUM POSSIBLE FORTRAN RECORD SIZE =    65538 WORDS.)
     (MAXIMUM SIZE OF FORTRAN RECORDS WRITTEN =       28 WORDS.)
     (NUMBER OF FORTRAN RECORDS WRITTEN =       19 RECORDS.)
     (TOTAL DATA WRITTEN FOR DATA BLOCK =       54 WORDS.)
 *** USER INFORMATION MESSAGE 4114 (OUTPBN2)
     DATA BLOCK GPL      WRITTEN ON FORTRAN UNIT  12, TRL =
                    101             19691             19691                 0                 0                 0                 0
     (MAXIMUM POSSIBLE FORTRAN RECORD SIZE =    65538 WORDS.)
     (MAXIMUM SIZE OF FORTRAN RECORDS WRITTEN =    39382 WORDS.)
     (NUMBER OF FORTRAN RECORDS WRITTEN =       24 RECORDS.)
     (TOTAL DATA WRITTEN FOR DATA BLOCK =    59104 WORDS.)
 *** USER INFORMATION MESSAGE 4114 (OUTPBN2)
     DATA BLOCK GPDT     WRITTEN ON FORTRAN UNIT  12, TRL =
                    102             19691                 7                 0                 1                 0                 0
     (MAXIMUM POSSIBLE FORTRAN RECORD SIZE =    65538 WORDS.)
     (MAXIMUM SIZE OF FORTRAN RECORDS WRITTEN =    65538 WORDS.)
     (NUMBER OF FORTRAN RECORDS WRITTEN =       25 RECORDS.)
     (TOTAL DATA WRITTEN FOR DATA BLOCK =   196936 WORDS.)
 *** USER INFORMATION MESSAGE 4114 (OUTPBN2)
     DATA BLOCK EPT      WRITTEN ON FORTRAN UNIT  12, TRL =
                    101                 0               256                 0                 0                 0                 0
     (MAXIMUM POSSIBLE FORTRAN RECORD SIZE =    65538 WORDS.)
     (MAXIMUM SIZE OF FORTRAN RECORDS WRITTEN =       10 WORDS.)
     (NUMBER OF FORTRAN RECORDS WRITTEN =       24 RECORDS.)
     (TOTAL DATA WRITTEN FOR DATA BLOCK =       43 WORDS.)
1    SOLUTION 1                                                               MARCH  19, 2023  SIMCENTER NASTRAN  8/ 9/19   PAGE     5
                                                                                                                                    
0                                                                                                                                   
0                                                                                                                                   
                                                                                                                                    
                                                                                                                                    
 *** USER INFORMATION MESSAGE 4114 (OUTPBN2)
     DATA BLOCK MPT      WRITTEN ON FORTRAN UNIT  12, TRL =
                    101             32768                 0                 0                 0                 0                 0
     (MAXIMUM POSSIBLE FORTRAN RECORD SIZE =    65538 WORDS.)
     (MAXIMUM SIZE OF FORTRAN RECORDS WRITTEN =       15 WORDS.)
     (NUMBER OF FORTRAN RECORDS WRITTEN =       24 RECORDS.)
     (TOTAL DATA WRITTEN FOR DATA BLOCK =       48 WORDS.)
 *** USER INFORMATION MESSAGE 4114 (OUTPBN2)
     DATA BLOCK GEOM2    WRITTEN ON FORTRAN UNIT  12, TRL =
                    101                 0                 0                 0               512                 0                 0
     (MAXIMUM POSSIBLE FORTRAN RECORD SIZE =    65538 WORDS.)
     (MAXIMUM SIZE OF FORTRAN RECORDS WRITTEN =    65538 WORDS.)
     (NUMBER OF FORTRAN RECORDS WRITTEN =       28 RECORDS.)
     (TOTAL DATA WRITTEN FOR DATA BLOCK =   134148 WORDS.)
 *** USER INFORMATION MESSAGE 4114 (OUTPBN2)
     DATA BLOCK GEOM3    WRITTEN ON FORTRAN UNIT  12, TRL =
                    102                 0                 0                64                 0                 0                 0
     (MAXIMUM POSSIBLE FORTRAN RECORD SIZE =    65538 WORDS.)
     (MAXIMUM SIZE OF FORTRAN RECORDS WRITTEN =     2250 WORDS.)
     (NUMBER OF FORTRAN RECORDS WRITTEN =       24 RECORDS.)
     (TOTAL DATA WRITTEN FOR DATA BLOCK =     2283 WORDS.)
 *** USER INFORMATION MESSAGE 4114 (OUTPBN2)
     DATA BLOCK GEOM4    WRITTEN ON FORTRAN UNIT  12, TRL =
                    103                 0                 0                 0               544                 0                 0
     (MAXIMUM POSSIBLE FORTRAN RECORD SIZE =    65538 WORDS.)
     (MAXIMUM SIZE OF FORTRAN RECORDS WRITTEN =    15295 WORDS.)
     (NUMBER OF FORTRAN RECORDS WRITTEN =       29 RECORDS.)
     (TOTAL DATA WRITTEN FOR DATA BLOCK =    15339 WORDS.)
 *** USER INFORMATION MESSAGE 4114 (OUTPBN2)
     DATA BLOCK GEOM1    WRITTEN ON FORTRAN UNIT  12, TRL =
                    104                 0                 0                 8                 0                 0                 0
     (MAXIMUM POSSIBLE FORTRAN RECORD SIZE =    65538 WORDS.)
     (MAXIMUM SIZE OF FORTRAN RECORDS WRITTEN =    65538 WORDS.)
     (NUMBER OF FORTRAN RECORDS WRITTEN =       30 RECORDS.)
     (TOTAL DATA WRITTEN FOR DATA BLOCK =   216637 WORDS.)
 *** USER INFORMATION MESSAGE 4114 (OUTPBN2)
     DATA BLOCK BGPDT    WRITTEN ON FORTRAN UNIT  12, TRL =
                    105             19691                 0            118146                 1                 0             19691
     (MAXIMUM POSSIBLE FORTRAN RECORD SIZE =    65538 WORDS.)
     (MAXIMUM SIZE OF FORTRAN RECORDS WRITTEN =    65538 WORDS.)
     (NUMBER OF FORTRAN RECORDS WRITTEN =       30 RECORDS.)
     (TOTAL DATA WRITTEN FOR DATA BLOCK =   275704 WORDS.)
 *** USER INFORMATION MESSAGE 4114 (OUTPBN2)
     DATA BLOCK EQEXIN   WRITTEN ON FORTRAN UNIT  12, TRL =
                    101             19691                 0                 0                 0                 0                 0
     (MAXIMUM POSSIBLE FORTRAN RECORD SIZE =    65538 WORDS.)
     (MAXIMUM SIZE OF FORTRAN RECORDS WRITTEN =    39382 WORDS.)
     (NUMBER OF FORTRAN RECORDS WRITTEN =       24 RECORDS.)
     (TOTAL DATA WRITTEN FOR DATA BLOCK =    78794 WORDS.)
1    SOLUTION 1                                                               MARCH  19, 2023  SIMCENTER NASTRAN  8/ 9/19   PAGE     6
                                                                                                                                    
0                                                                                                                                   
0
0
0
 
 *** USER INFORMATION MESSAGE 7555 (ETETGS)
     FINITE ELEMENT GEOMETRY CHECK RESULTS EXCEED TOLERANCE LEVELS FOR THE FOLLOWING ELEMENTS.
     USER ACTION: USE THE GEOMCHECK (EXECUTIVE CONTROL STATEMENT) KEYWORD=VALUE TO CHANGE TOLERANCE VALUES IF DESIRED.
     ALL EDGE LENGTH TO HEIGHT  RATIO (AR)TOLERANCE LIMIT VIOLATIONS WILL BE IDENTIFIED AND INDICATED BY FAIL.
     A MINIMUM OF        100 EDGE NODE POINT LENGTH RATIO (ER)TOLERANCE LIMIT VIOLATIONS WILL BE IDENTIFIED AND INDICATED BY xxxx.
     A MINIMUM OF        100 EDGE NODE POINT INCLUDED ANGLE   TOLERANCE LIMIT VIOLATIONS WILL BE IDENTIFIED AND INDICATED BY xxxx.
     ALL NEG/ZERO DET(JACOBIAN) VALUE (DJ)TOLERANCE LIMIT VIOLATIONS WILL BE IDENTIFIED AND INDICATED BY FAIL.
     A MINIMUM OF        100 NEG DET(JAC) AT VERTEX NODE  (DG)TOLERANCE LIMIT VIOLATIONS WILL BE IDENTIFIED AND INDICATED BY xxxx.
1    SOLUTION 1                                                               MARCH  19, 2023  SIMCENTER NASTRAN  8/ 9/19   PAGE     7
                                                                                                                                    
0                                                                                                                                   
     TOLERANCE LIMITS ARE:  TET_AR =   100.00, TET_EPLR =   0.50, TET_EPIA =  30.00, TET_DETJ =   0.00, TET_DETG =   0.00
                            (xxxx = LIMIT VIOLATED)
                         LONGEST    SHORTEST          ASPECT      EDGE POINT      EDGE POINT   MIN. JACOBIAN   MIN. DET(JAC)
 ELEMENT TYPE    ID         EDGE      HEIGHT           RATIO    LENGTH RATIO  INCLUDED ANGLE     DETERMINANT       AT VERTEX
    TETRA          78       0.28        0.07       4.25            1.00           45.00 xxxx       0.00            0.00     
    TETRA          79       0.29        0.06       5.14            1.00           45.00 xxxx       0.00            0.00     
    TETRA         155       0.36        0.10       3.57            0.97           43.27 xxxx       0.01            0.01     
    TETRA         197       0.32        0.16       2.05            0.97           43.25 xxxx       0.01            0.01     
    TETRA         391       0.36        0.17       2.15            0.98           43.29 xxxx       0.02            0.02     
    TETRA         392       0.37        0.17       2.16            0.99           43.29 xxxx       0.02            0.02     
    TETRA         435       0.32        0.06       5.68            0.97           45.01 xxxx       0.01            0.00     
    TETRA         509       0.34        0.20       1.73            0.97           45.01 xxxx       0.02            0.02     
    TETRA         575       0.33        0.16       2.08            0.96           44.99 xxxx       0.01            0.01     
    TETRA         576       0.33        0.13       2.51            0.98           44.99 xxxx       0.01            0.01     
    TETRA         581       0.33        0.10       3.39            0.96           44.99 xxxx       0.01            0.01     
    TETRA         799       0.36        0.10       3.57            0.97           45.00 xxxx       0.01            0.01     
    TETRA         817       0.35        0.09       3.89            1.00           45.00 xxxx       0.00            0.00     
    TETRA         823       0.35        0.09       4.02            1.00           45.00 xxxx       0.00            0.00     
    TETRA         929       0.32        0.10       3.22            0.97           43.22 xxxx       0.01            0.01     
    TETRA         975       0.32        0.09       3.44            0.96           45.00 xxxx       0.00            0.00     
    TETRA        1026       0.24        0.11       2.20            1.00           45.00 xxxx       0.00            0.00     
    TETRA        1218       0.32        0.10       3.29            0.96           43.26 xxxx       0.01            0.00     
    TETRA        1219       0.24        0.11       2.21            1.00           45.00 xxxx       0.00            0.00     
    TETRA        1251       0.24        0.11       2.10            1.00           45.00 xxxx       0.00            0.00     
    TETRA        1338       0.25        0.11       2.35            1.00           45.00 xxxx       0.00            0.00     
    TETRA        1379       0.29        0.06       5.14            1.00           45.00 xxxx       0.00            0.00     
    TETRA        1428       0.32        0.10       3.17            0.95           43.23 xxxx       0.01            0.00     
    TETRA        1534       0.32        0.09       3.70            0.96           43.21 xxxx       0.01            0.00     
    TETRA        1579       0.34        0.12       2.91            0.97           45.01 xxxx       0.01            0.01     
    TETRA        1887       0.34        0.08       4.36            0.97           43.25 xxxx       0.01            0.01     
    TETRA        1888       0.32        0.09       3.47            0.95           44.99 xxxx       0.01            0.01     
    TETRA        1945       0.34        0.11       3.09            1.00           45.00 xxxx       0.00            0.00     
    TETRA        1962       0.24        0.10       2.33            1.00           45.00 xxxx       0.00            0.00     
    TETRA        1988       0.35        0.10       3.47            0.97           45.00 xxxx       0.01            0.01     
    TETRA        2046       0.32        0.07       4.32            0.96           44.99 xxxx       0.01            0.00     
    TETRA        2076       0.32        0.10       3.23            0.96           43.24 xxxx       0.01            0.00     
    TETRA        2122       0.32        0.14       2.37            0.96           44.99 xxxx       0.01            0.01     
    TETRA        2155       0.29        0.07       4.20            1.00           45.00 xxxx       0.00            0.00     
    TETRA        2159       0.24        0.10       2.32            1.00           45.00 xxxx       0.00            0.00     
    TETRA        2336       0.32        0.10       3.31            0.97           43.23 xxxx       0.01            0.01     
    TETRA        2338       0.32        0.10       3.14            0.97           44.99 xxxx       0.01            0.01     
    TETRA        2384       0.24        0.11       2.18            1.00           45.00 xxxx       0.00            0.00     
    TETRA        2385       0.26        0.11       2.29            1.00           45.00 xxxx       0.01            0.01     
    TETRA        2471       0.32        0.14       2.36            0.96           45.00 xxxx       0.01            0.01     
    TETRA        2512       0.32        0.09       3.47            0.94           43.24 xxxx       0.01            0.00     
    TETRA        2516       0.34        0.17       1.98            0.98           43.25 xxxx       0.02            0.02     
1    SOLUTION 1                                                               MARCH  19, 2023  SIMCENTER NASTRAN  8/ 9/19   PAGE     8
                                                                                                                                    
0                                                                                                                                   
     TOLERANCE LIMITS ARE:  TET_AR =   100.00, TET_EPLR =   0.50, TET_EPIA =  30.00, TET_DETJ =   0.00, TET_DETG =   0.00
                            (xxxx = LIMIT VIOLATED)
                         LONGEST    SHORTEST          ASPECT      EDGE POINT      EDGE POINT   MIN. JACOBIAN   MIN. DET(JAC)
 ELEMENT TYPE    ID         EDGE      HEIGHT           RATIO    LENGTH RATIO  INCLUDED ANGLE     DETERMINANT       AT VERTEX
    TETRA        2518       0.35        0.17       2.08            0.98           43.29 xxxx       0.02            0.02     
    TETRA        2525       0.32        0.10       3.03            1.00           45.00 xxxx       0.01            0.01     
    TETRA        2640       0.32        0.10       3.32            0.95           45.00 xxxx       0.01            0.00     
    TETRA        2685       0.32        0.10       3.30            0.94           43.22 xxxx       0.01            0.00     
    TETRA        2686       0.32        0.14       2.28            0.95           45.00 xxxx       0.01            0.01     
    TETRA        2895       0.33        0.11       3.05            1.00           45.00 xxxx       0.01            0.01     
    TETRA        2903       0.26        0.10       2.58            1.00           45.00 xxxx       0.00            0.00     
    TETRA        2904       0.30        0.06       5.34            1.00           45.00 xxxx       0.00            0.00     
    TETRA        2910       0.25        0.10       2.37            1.00           45.00 xxxx       0.00            0.00     
    TETRA        2932       0.25        0.11       2.36            1.00           45.00 xxxx       0.00            0.00     
    TETRA        2933       0.33        0.07       4.56            1.00           45.00 xxxx       0.00            0.00     
    TETRA        2950       0.35        0.10       3.47            0.97           43.27 xxxx       0.01            0.01     
    TETRA        3075       0.32        0.09       3.55            0.96           43.22 xxxx       0.01            0.01     
    TETRA        3167       0.28        0.12       2.31            1.00           45.00 xxxx       0.01            0.00     
    TETRA        3244       0.25        0.10       2.58            1.00           45.00 xxxx       0.00            0.00     
    TETRA        3245       0.28        0.09       3.01            1.00           45.00 xxxx       0.00            0.00     
    TETRA        3246       0.30        0.10       3.08            1.00           45.00 xxxx       0.01            0.00     
    TETRA        3321       0.32        0.10       3.22            0.97           43.23 xxxx       0.01            0.01     
    TETRA        3409       0.24        0.11       2.15            1.00           45.00 xxxx       0.00            0.00     
    TETRA        3423       0.28        0.07       4.19            1.00           45.00 xxxx       0.00            0.00     
    TETRA        3428       0.30        0.10       2.84            1.00           45.00 xxxx       0.00            0.00     
    TETRA        3431       0.33        0.09       3.56            1.00           45.00 xxxx       0.01            0.00     
    TETRA        3469       0.37        0.18       2.03            1.00           43.29 xxxx       0.02            0.02     
    TETRA        3474       0.33        0.16       2.07            0.96           44.99 xxxx       0.01            0.01     
    TETRA        3524       0.34        0.10       3.35            0.97           43.25 xxxx       0.01            0.01     
    TETRA        3548       0.30        0.06       5.21            1.00           45.00 xxxx       0.00            0.00     
    TETRA        3643       0.35        0.17       2.08            0.99           43.29 xxxx       0.02            0.02     
    TETRA        3655       0.35        0.10       3.41            0.95           43.25 xxxx       0.01            0.01     
    TETRA        3757       0.24        0.11       2.12            1.00           45.00 xxxx       0.00            0.00     
    TETRA        3890       0.32        0.10       3.09            0.97           44.99 xxxx       0.01            0.01     
    TETRA        3893       0.34        0.10       3.57            0.95           44.99 xxxx       0.01            0.01     
    TETRA        3931       0.35        0.18       1.99            1.00           43.29 xxxx       0.02            0.02     
    TETRA        3999       0.25        0.11       2.35            1.00           45.00 xxxx       0.00            0.00     
    TETRA        4081       0.30        0.07       4.40            1.00           45.00 xxxx       0.00            0.00     
    TETRA        4294       0.35        0.06       5.82            1.00           45.00 xxxx       0.00            0.00     
    TETRA        4510       0.25        0.11       2.36            1.00           45.00 xxxx       0.00            0.00     
    TETRA        4578       0.29        0.07       4.16            1.00           45.00 xxxx       0.00            0.00     
    TETRA        4603       0.24        0.11       2.10            1.00           45.00 xxxx       0.00            0.00     
    TETRA        4640       0.24        0.11       2.10            1.00           45.00 xxxx       0.00            0.00     
    TETRA        4641       0.28        0.11       2.44            1.00           45.00 xxxx       0.01            0.01     
    TETRA        4643       0.24        0.10       2.33            1.00           45.00 xxxx       0.00            0.00     
    TETRA        4702       0.28        0.11       2.47            1.00           45.00 xxxx       0.01            0.01     
1    SOLUTION 1                                                               MARCH  19, 2023  SIMCENTER NASTRAN  8/ 9/19   PAGE     9
                                                                                                                                    
0                                                                                                                                   
     TOLERANCE LIMITS ARE:  TET_AR =   100.00, TET_EPLR =   0.50, TET_EPIA =  30.00, TET_DETJ =   0.00, TET_DETG =   0.00
                            (xxxx = LIMIT VIOLATED)
                         LONGEST    SHORTEST          ASPECT      EDGE POINT      EDGE POINT   MIN. JACOBIAN   MIN. DET(JAC)
 ELEMENT TYPE    ID         EDGE      HEIGHT           RATIO    LENGTH RATIO  INCLUDED ANGLE     DETERMINANT       AT VERTEX
    TETRA        4706       0.24        0.11       2.11            1.00           45.00 xxxx       0.00            0.00     
    TETRA        4711       0.24        0.10       2.30            1.00           45.00 xxxx       0.00            0.00     
    TETRA        4715       0.24        0.10       2.30            1.00           45.00 xxxx       0.00            0.00     
    TETRA        4719       0.26        0.12       2.21            1.00           45.00 xxxx       0.01            0.01     
    TETRA        4720       0.29        0.10       2.91            1.00           45.00 xxxx       0.01            0.01     
    TETRA        4731       0.32        0.10       3.13            1.00           45.00 xxxx       0.01            0.01     
    TETRA        4841       0.25        0.11       2.36            1.00           45.00 xxxx       0.00            0.00     
    TETRA        4855       0.32        0.14       2.35            0.95           43.22 xxxx       0.01            0.01     
    TETRA        4857       0.25        0.11       2.36            1.00           45.00 xxxx       0.00            0.00     
    TETRA        4862       0.28        0.07       4.12            1.00           45.00 xxxx       0.00            0.00     
    TETRA        4875       0.34        0.07       4.94            1.00           45.00 xxxx       0.00            0.00     
    TETRA        4879       0.25        0.10       2.39            1.00           45.00 xxxx       0.01            0.00     
    TETRA        4895       0.24        0.11       2.10            1.00           45.00 xxxx       0.00            0.00     
    TETRA        4899       0.19        0.10       1.88            1.00           45.00 xxxx       0.00            0.00     
    TETRA        4907       0.24        0.11       2.10            1.00           45.00 xxxx       0.00            0.00     
    TETRA        5006       0.32        0.08       3.79            0.97           45.01 xxxx       0.01            0.01     
1    SOLUTION 1                                                               MARCH  19, 2023  SIMCENTER NASTRAN  8/ 9/19   PAGE    10
                                                                                                                                    
0                                                                                                                                   


                            E L E M E N T   G E O M E T R Y   T E S T   R E S U L T S   S U M M A R Y
                                        TOTAL NUMBER OF TIMES TOLERANCES WERE EXCEEDED
 ELEMENT     SKEW    ASPECT/       MINIMUM       MAXIMUM    SURFACE/FACE  THICKNESS/     EDGE POINT    EDGE POINT       JACOBIAN
 TYPE        ANGLE  TAPER RATIO  INTER. ANGLE  INTER. ANGLE  WARP FACTOR  OFFSET RATIO  LENGTH RATIO  INCLUDED ANGLE  DETERMINANT
 TETRA         N/A          0           N/A           N/A           N/A           N/A             0           195             0     

         N/A IN THE ABOVE TABLE INDICATES TESTS THAT ARE NOT APPLICABLE TO THE ELEMENT TYPE AND WERE NOT PERFORMED.
         FOR ALL ELEMENTS WHERE GEOMETRY TEST RESULTS HAVE EXCEEDED TOLERANCES,

         TETRA    ELEMENT ID     1579 PRODUCED LARGEST  EDGE POINT IA    OF      45.01 (TOLERANCE =       30.00).
1    SOLUTION 1                                                               MARCH  19, 2023  SIMCENTER NASTRAN  8/ 9/19   PAGE    11
                                                                                                                                    
0                                                                                                                                   
 *** USER INFORMATION MESSAGE 7310 (VECPRN)
     ORIGIN OF SUPERELEMENT BASIC COORDINATE SYSTEM WILL BE USED AS REFERENCE LOCATION.
     RESULTANTS ABOUT ORIGIN OF SUPERELEMENT BASIC COORDINATE SYSTEM IN SUPERELEMENT BASIC SYSTEM COORDINATES.
0                                                  OLOAD    RESULTANT       
  SUBCASE/    LOAD
  DAREA ID    TYPE       T1            T2            T3            R1            R2            R3
0        1     FX    0.000000E+00     ----          ----          ----       0.000000E+00  0.000000E+00                             
               FY       ----      -3.037500E+02     ----       9.492188E+02     ----      -1.255554E-05                             
               FZ       ----          ----       0.000000E+00  0.000000E+00  0.000000E+00     ----                                  
               MX       ----          ----          ----       0.000000E+00     ----          ----                                  
               MY       ----          ----          ----          ----       0.000000E+00     ----                                  
               MZ       ----          ----          ----          ----          ----       0.000000E+00                             
             TOTALS  0.000000E+00 -3.037500E+02  0.000000E+00  9.492188E+02  0.000000E+00 -1.255554E-05                             
 *** USER INFORMATION MESSAGE - SINGULARITIES FOUND USING EIGENVALUE METHOD
 ***   49941 SINGULARITIES FOUND     49941 SINGULARITIES ELIMINATED
1    SOLUTION 1                                                               MARCH  19, 2023  SIMCENTER NASTRAN  8/ 9/19   PAGE    12
                                                                                                                                    
0                                                                                                            SUBCASE 1              
 *** SYSTEM INFORMATION MESSAGE 6916 (DFMSYN)
     DECOMP ORDERING METHOD CHOSEN: DEFAULT, ORDERING METHOD USED: BEND
 *** USER INFORMATION MESSAGE 5293 (SSG3A)
    FOR DATA BLOCK KLL     
    LOAD SEQ. NO.             EPSILON              EXTERNAL WORK      EPSILONS LARGER THAN 0.001 ARE FLAGGED WITH ASTERISKS
                1         -1.5599470E-13          6.3798242E-01
1    SOLUTION 1                                                               MARCH  19, 2023  SIMCENTER NASTRAN  8/ 9/19   PAGE    13
                                                                                                                                    
0                                                                                                                                   
 *** USER INFORMATION MESSAGE 7310 (VECPRN)
     ORIGIN OF SUPERELEMENT BASIC COORDINATE SYSTEM WILL BE USED AS REFERENCE LOCATION.
     RESULTANTS ABOUT ORIGIN OF SUPERELEMENT BASIC COORDINATE SYSTEM IN SUPERELEMENT BASIC SYSTEM COORDINATES.
0                                                  SPCFORCE RESULTANT       
  SUBCASE/    LOAD
  DAREA ID    TYPE       T1            T2            T3            R1            R2            R3
0        1     FX   -5.878996E-13     ----          ----          ----       2.175602E-01  9.632184E-01                             
               FY       ----       3.037500E+02     ----       6.562649E+00     ----      -9.632059E-01                             
               FZ       ----          ----      -5.814460E-12 -9.557814E+02 -2.175602E-01     ----                                  
               MX       ----          ----          ----       0.000000E+00     ----          ----                                  
               MY       ----          ----          ----          ----       0.000000E+00     ----                                  
               MZ       ----          ----          ----          ----          ----       0.000000E+00                             
             TOTALS -5.878996E-13  3.037500E+02 -5.814460E-12 -9.492188E+02  1.246889E-11  1.255556E-05                             
 *** USER INFORMATION MESSAGE 4507 (SDREE)
     IN SUBCASE         1                     
     THERE ARE   7680 TETRA    ELEMENTS HAVING STRAIN ENERGY WHICH IS LESS THAN   0.0010 PERCENT
     OF THE TOTAL STRAIN ENERGY OF ALL ELEMENTS.
 *** USER INFORMATION MESSAGE 4114 (OUTPBN2)
     DATA BLOCK OQG1     WRITTEN ON FORTRAN UNIT  12, TRL =
                    101                 2             26456                19                23                 0                 1
     (MAXIMUM POSSIBLE FORTRAN RECORD SIZE =    65538 WORDS.)
     (MAXIMUM SIZE OF FORTRAN RECORDS WRITTEN =    65538 WORDS.)
     (NUMBER OF FORTRAN RECORDS WRITTEN =       28 RECORDS.)
     (TOTAL DATA WRITTEN FOR DATA BLOCK =   157709 WORDS.)
 *** USER INFORMATION MESSAGE 4114 (OUTPBN2)
     DATA BLOCK BOUGV1   WRITTEN ON FORTRAN UNIT  12, TRL =
                    101                 2             26456                19                23                 0                 1
     (MAXIMUM POSSIBLE FORTRAN RECORD SIZE =    65538 WORDS.)
     (MAXIMUM SIZE OF FORTRAN RECORDS WRITTEN =    65538 WORDS.)
     (NUMBER OF FORTRAN RECORDS WRITTEN =       28 RECORDS.)
     (TOTAL DATA WRITTEN FOR DATA BLOCK =   157709 WORDS.)
 *** USER INFORMATION MESSAGE 4114 (OUTPBN2)
     DATA BLOCK OES1     WRITTEN ON FORTRAN UNIT  12, TRL =
                    101                63                 3                19                23                 0                 1
     (MAXIMUM POSSIBLE FORTRAN RECORD SIZE =    65538 WORDS.)
     (MAXIMUM SIZE OF FORTRAN RECORDS WRITTEN =    65538 WORDS.)
     (NUMBER OF FORTRAN RECORDS WRITTEN =       60 RECORDS.)
     (TOTAL DATA WRITTEN FOR DATA BLOCK =  1218365 WORDS.)
 *** USER INFORMATION MESSAGE 4114 (OUTPBN2)
     DATA BLOCK OSTR1X   WRITTEN ON FORTRAN UNIT  12, TRL =
                    101                63                 3                19                23                 0                 1
     (MAXIMUM POSSIBLE FORTRAN RECORD SIZE =    65538 WORDS.)
     (MAXIMUM SIZE OF FORTRAN RECORDS WRITTEN =    65538 WORDS.)
     (NUMBER OF FORTRAN RECORDS WRITTEN =       60 RECORDS.)
     (TOTAL DATA WRITTEN FOR DATA BLOCK =  1218365 WORDS.)
1    SOLUTION 1                                                               MARCH  19, 2023  SIMCENTER NASTRAN  8/ 9/19   PAGE    14
                                                                                                                                    
0                                                                                                                                   
1    SOLUTION 1                                                               MARCH  19, 2023  SIMCENTER NASTRAN  8/ 9/19   PAGE    15
                                                                                                                                    
0                                                                                                                                   
1    SOLUTION 1                                                               MARCH  19, 2023  SIMCENTER NASTRAN  8/ 9/19   PAGE    16
                                                                                                                                    
0                                                                                                                                   
1    SOLUTION 1                                                               MARCH  19, 2023  SIMCENTER NASTRAN  8/ 9/19   PAGE    17
                                                                                                                                    
0                                                                                                                                   
 *** USER INFORMATION MESSAGE 4114 (OUTPBN2)
     DATA BLOCK ONRGY1   WRITTEN ON FORTRAN UNIT  12, TRL =
                    101                 1                 0                 0                 0                 2                 0
     (MAXIMUM POSSIBLE FORTRAN RECORD SIZE =    65538 WORDS.)
     (MAXIMUM SIZE OF FORTRAN RECORDS WRITTEN =    13988 WORDS.)
     (NUMBER OF FORTRAN RECORDS WRITTEN =       24 RECORDS.)
     (TOTAL DATA WRITTEN FOR DATA BLOCK =    14164 WORDS.)
 *** USER INFORMATION MESSAGE 4114 (OUTPBN2)
     DATA BLOCK OPG1     WRITTEN ON FORTRAN UNIT  12, TRL =
                    101                 2             26456                19                23                 0                 1
     (MAXIMUM POSSIBLE FORTRAN RECORD SIZE =    65538 WORDS.)
     (MAXIMUM SIZE OF FORTRAN RECORDS WRITTEN =    65538 WORDS.)
     (NUMBER OF FORTRAN RECORDS WRITTEN =       28 RECORDS.)
     (TOTAL DATA WRITTEN FOR DATA BLOCK =   157709 WORDS.)
 *** USER INFORMATION MESSAGE 4110 (OUTPBN2)
                                 END-OF-DATA SIMULATION ON FORTRAN UNIT 12
                                 (MAXIMUM SIZE OF FORTRAN RECORDS WRITTEN =      1 WORDS.)
                                       (NUMBER OF FORTRAN RECORDS WRITTEN =      1 RECORDS.)
                                       (TOTAL DATA WRITTEN FOR EOF MARKER =      1 WORDS.)
1    SOLUTION 1                                                               MARCH  19, 2023  SIMCENTER NASTRAN  8/ 9/19   PAGE    18
                                                                                                                                    
0                                                                                                                                   
 * * * *  D B D I C T   P R I N T  * * * *      SUBDMAP = PRTSUM  ,  DMAP STATEMENT NO.     28



0                                   * * * *  A N A L Y S I S  S U M M A R Y  T A B L E  * * * *
0 SEID  PEID PROJ VERS APRCH      SEMG SEMR SEKR SELG SELR MODES DYNRED SOLLIN PVALID SOLNL LOOPID DESIGN CYCLE SENSITIVITY
 --------------------------------------------------------------------------------------------------------------------------
     0     0    1    1 '        '    T    T    T    T    T     F      F      T      0     F     -1            0           F
0SEID = SUPERELEMENT ID.
 PEID = PRIMARY SUPERELEMENT ID OF IMAGE SUPERELEMENT.
 PROJ = PROJECT ID NUMBER.
 VERS = VERSION ID.
 APRCH = BLANK FOR STRUCTURAL ANALYSIS.  HEAT FOR HEAT TRANSFER ANALYSIS.
 SEMG = STIFFNESS AND MASS MATRIX GENERATION STEP.
 SEMR = MASS MATRIX REDUCTION STEP (INCLUDES EIGENVALUE SOLUTION FOR MODES).
 SEKR = STIFFNESS MATRIX REDUCTION STEP.
 SELG = LOAD MATRIX GENERATION STEP.
 SELR = LOAD MATRIX REDUCTION STEP. 
 MODES = T (TRUE) IF NORMAL MODES OR BUCKLING MODES CALCULATED.
 DYNRED = T (TRUE) MEANS GENERALIZED DYNAMIC AND/OR COMPONENT MODE REDUCTION PERFORMED.
 SOLLIN = T (TRUE) IF LINEAR SOLUTION EXISTS IN DATABASE.
 PVALID = P-DISTRIBUTION ID OF P-VALUE FOR P-ELEMENTS
 LOOPID = THE LAST LOOPID VALUE USED IN THE NONLINEAR ANALYSIS.  USEFUL FOR RESTARTS.
 SOLNL = T (TRUE) IF NONLINEAR SOLUTION EXISTS IN DATABASE.
 DESIGN CYCLE = THE LAST DESIGN CYCLE (ONLY VALID IN OPTIMIZATION).
 SENSITIVITY = SENSITIVITY MATRIX GENERATION FLAG.
1                                        * * * END OF JOB * * *
 
 
